0 verbose cli /usr/local/bin/node /usr/local/bin/npm
1 info using npm@10.2.5
2 info using node@v21.5.0
3 timing npm:load:whichnode Completed in 0ms
4 timing config:load:defaults Completed in 1ms
5 timing config:load:file:/usr/local/lib/node_modules/npm/npmrc Completed in 1ms
6 timing config:load:builtin Completed in 2ms
7 timing config:load:cli Completed in 2ms
8 timing config:load:env Completed in 0ms
9 timing config:load:project Completed in 5ms
10 timing config:load:file:/app/.npmrc Completed in 0ms
11 timing config:load:user Completed in 0ms
12 timing config:load:file:/usr/local/etc/npmrc Completed in 1ms
13 timing config:load:global Completed in 1ms
14 timing config:load:setEnvs Completed in 0ms
15 timing config:load Completed in 12ms
16 timing npm:load:configload Completed in 12ms
17 timing config:load:flatten Completed in 2ms
18 timing npm:load:mkdirpcache Completed in 6ms
19 timing npm:load:mkdirplogs Completed in 1ms
20 verbose title npm run dev
21 verbose argv "run" "dev"
22 timing npm:load:setTitle Completed in 1ms
23 timing npm:load:display Completed in 0ms
24 verbose logfile logs-max:10 dir:/app/.npm/_logs/2024-01-03T15_39_06_406Z-
25 verbose logfile /app/.npm/_logs/2024-01-03T15_39_06_406Z-debug-0.log
26 timing npm:load:logFile Completed in 12ms
27 timing npm:load:timers Completed in 0ms
28 timing npm:load:configScope Completed in 0ms
29 timing npm:load Completed in 48ms
30 timing command:run Completed in 2ms
31 verbose stack Error: Could not read package.json: Error: ENOENT: no such file or directory, open '/app/package.json'
31 verbose stack     at async open (node:internal/fs/promises:633:25)
31 verbose stack     at async readFile (node:internal/fs/promises:1242:14)
31 verbose stack     at async PackageJson.load (/usr/local/lib/node_modules/npm/node_modules/@npmcli/package-json/lib/index.js:129:31)
31 verbose stack     at async PackageJson.normalize (/usr/local/lib/node_modules/npm/node_modules/@npmcli/package-json/lib/index.js:115:5)
31 verbose stack     at async RunScript.run (/usr/local/lib/node_modules/npm/lib/commands/run-script.js:72:27)
31 verbose stack     at async module.exports (/usr/local/lib/node_modules/npm/lib/cli-entry.js:61:5)
32 verbose cwd /app
33 verbose Linux 6.5.11-linuxkit
34 verbose node v21.5.0
35 verbose npm  v10.2.5
36 error code ENOENT
37 error syscall open
38 error path /app/package.json
39 error errno -2
40 error enoent Could not read package.json: Error: ENOENT: no such file or directory, open '/app/package.json'
41 error enoent This is related to npm not being able to find a file.
41 error enoent
42 verbose exit -2
43 timing npm Completed in 92ms
44 verbose code -2
45 error A complete log of this run can be found in: /app/.npm/_logs/2024-01-03T15_39_06_406Z-debug-0.log
